[debug] [2024-04-13T06:56:48.288Z] ----------------------------------------------------------------------
[debug] [2024-04-13T06:56:48.290Z] Command:       C:\Program Files\nodejs\node.exe C:\Users\HP\AppData\Roaming\npm\node_modules\firebase-tools\lib\bin\firebase.js init
[debug] [2024-04-13T06:56:48.290Z] CLI Version:   13.7.2
[debug] [2024-04-13T06:56:48.291Z] Platform:      win32
[debug] [2024-04-13T06:56:48.291Z] Node Version:  v20.8.0
[debug] [2024-04-13T06:56:48.291Z] Time:          Sat Apr 13 2024 12:26:48 GMT+0530 (India Standard Time)
[debug] [2024-04-13T06:56:48.291Z] ----------------------------------------------------------------------
[debug] 
[debug] [2024-04-13T06:56:48.357Z] > command requires scopes: ["email","openid","https://www.googleapis.com/auth/cloudplatformprojects.readonly","https://www.googleapis.com/auth/firebase","https://www.googleapis.com/auth/cloud-platform"]
[debug] [2024-04-13T06:56:48.357Z] > authorizing via signed-in user (devanshverma024@gmail.com)
[info] 
     ######## #### ########  ######## ########     ###     ######  ########
     ##        ##  ##     ## ##       ##     ##  ##   ##  ##       ##
     ######    ##  ########  ######   ########  #########  ######  ######
     ##        ##  ##    ##  ##       ##     ## ##     ##       ## ##
     ##       #### ##     ## ######## ########  ##     ##  ######  ########

You're about to initialize a Firebase project in this directory:

  C:\Users\HP\Desktop\Resume-Genius\resumegenius

Before we get started, keep in mind:

  * You are initializing within an existing Firebase project directory

[info] 
=== Project Setup
[info] 
[info] First, let's associate this project directory with a Firebase project.
[info] You can create multiple project aliases by running firebase use --add, 
[info] but for now we'll just set up a default project.
[info] 
[debug] [2024-04-13T06:57:11.643Z] Using project from CLI flag: resumegenius-472f8
[debug] [2024-04-13T06:57:11.645Z] >>> [apiv2][query] GET https://firebase.googleapis.com/v1beta1/projects/resumegenius-472f8 [none]
[debug] [2024-04-13T06:57:12.182Z] <<< [apiv2][status] GET https://firebase.googleapis.com/v1beta1/projects/resumegenius-472f8 200
[debug] [2024-04-13T06:57:12.182Z] <<< [apiv2][body] GET https://firebase.googleapis.com/v1beta1/projects/resumegenius-472f8 {"projectId":"resumegenius-472f8","projectNumber":"955766132444","displayName":"resumegenius","name":"projects/resumegenius-472f8","resources":{"hostingSite":"resumegenius-472f8","storageBucket":"resumegenius-472f8.appspot.com","locationId":"us-central"},"state":"ACTIVE","etag":"1_7d68b185-94e8-441f-9f18-3341cd79502c"}
[info] i  Using project resumegenius-472f8 (resumegenius) 
[info] 
=== Hosting Setup
[debug] [2024-04-13T06:57:12.187Z] >>> [apiv2][query] GET https://firebase.googleapis.com/v1beta1/projects/resumegenius-472f8 [none]
[debug] [2024-04-13T06:57:12.538Z] <<< [apiv2][status] GET https://firebase.googleapis.com/v1beta1/projects/resumegenius-472f8 200
[debug] [2024-04-13T06:57:12.538Z] <<< [apiv2][body] GET https://firebase.googleapis.com/v1beta1/projects/resumegenius-472f8 {"projectId":"resumegenius-472f8","projectNumber":"955766132444","displayName":"resumegenius","name":"projects/resumegenius-472f8","resources":{"hostingSite":"resumegenius-472f8","storageBucket":"resumegenius-472f8.appspot.com","locationId":"us-central"},"state":"ACTIVE","etag":"1_7d68b185-94e8-441f-9f18-3341cd79502c"}
[info] 
[info] Your public directory is the folder (relative to your project directory) that
[info] will contain Hosting assets to be uploaded with firebase deploy. If you
[info] have a build process for your assets, use your build's output directory.
[info] 
[debug] [2024-04-13T06:57:54.190Z] ----------------------------------------------------------------------
[debug] [2024-04-13T06:57:54.192Z] Command:       C:\Program Files\nodejs\node.exe C:\Users\HP\AppData\Roaming\npm\node_modules\firebase-tools\lib\bin\firebase.js init
[debug] [2024-04-13T06:57:54.193Z] CLI Version:   13.7.2
[debug] [2024-04-13T06:57:54.193Z] Platform:      win32
[debug] [2024-04-13T06:57:54.193Z] Node Version:  v20.8.0
[debug] [2024-04-13T06:57:54.193Z] Time:          Sat Apr 13 2024 12:27:54 GMT+0530 (India Standard Time)
[debug] [2024-04-13T06:57:54.193Z] ----------------------------------------------------------------------
[debug] 
[debug] [2024-04-13T06:57:54.267Z] > command requires scopes: ["email","openid","https://www.googleapis.com/auth/cloudplatformprojects.readonly","https://www.googleapis.com/auth/firebase","https://www.googleapis.com/auth/cloud-platform"]
[debug] [2024-04-13T06:57:54.268Z] > authorizing via signed-in user (devanshverma024@gmail.com)
[info] 
     ######## #### ########  ######## ########     ###     ######  ########
     ##        ##  ##     ## ##       ##     ##  ##   ##  ##       ##
     ######    ##  ########  ######   ########  #########  ######  ######
     ##        ##  ##    ##  ##       ##     ## ##     ##       ## ##
     ##       #### ##     ## ######## ########  ##     ##  ######  ########

You're about to initialize a Firebase project in this directory:

  C:\Users\HP\Desktop\Resume-Genius\resumegenius

Before we get started, keep in mind:

  * You are initializing within an existing Firebase project directory

[info] 
=== Project Setup
[info] 
[info] First, let's associate this project directory with a Firebase project.
[info] You can create multiple project aliases by running firebase use --add, 
[info] but for now we'll just set up a default project.
[info] 
[debug] [2024-04-13T06:58:00.028Z] Using project from CLI flag: resumegenius-472f8
[debug] [2024-04-13T06:58:00.030Z] >>> [apiv2][query] GET https://firebase.googleapis.com/v1beta1/projects/resumegenius-472f8 [none]
[debug] [2024-04-13T06:58:00.540Z] <<< [apiv2][status] GET https://firebase.googleapis.com/v1beta1/projects/resumegenius-472f8 200
[debug] [2024-04-13T06:58:00.540Z] <<< [apiv2][body] GET https://firebase.googleapis.com/v1beta1/projects/resumegenius-472f8 {"projectId":"resumegenius-472f8","projectNumber":"955766132444","displayName":"resumegenius","name":"projects/resumegenius-472f8","resources":{"hostingSite":"resumegenius-472f8","storageBucket":"resumegenius-472f8.appspot.com","locationId":"us-central"},"state":"ACTIVE","etag":"1_7d68b185-94e8-441f-9f18-3341cd79502c"}
[info] i  Using project resumegenius-472f8 (resumegenius) 
[info] 
=== Hosting Setup
[debug] [2024-04-13T06:58:00.546Z] >>> [apiv2][query] GET https://firebase.googleapis.com/v1beta1/projects/resumegenius-472f8 [none]
[debug] [2024-04-13T06:58:00.872Z] <<< [apiv2][status] GET https://firebase.googleapis.com/v1beta1/projects/resumegenius-472f8 200
[debug] [2024-04-13T06:58:00.872Z] <<< [apiv2][body] GET https://firebase.googleapis.com/v1beta1/projects/resumegenius-472f8 {"projectId":"resumegenius-472f8","projectNumber":"955766132444","displayName":"resumegenius","name":"projects/resumegenius-472f8","resources":{"hostingSite":"resumegenius-472f8","storageBucket":"resumegenius-472f8.appspot.com","locationId":"us-central"},"state":"ACTIVE","etag":"1_7d68b185-94e8-441f-9f18-3341cd79502c"}
[info] 
[info] Your public directory is the folder (relative to your project directory) that
[info] will contain Hosting assets to be uploaded with firebase deploy. If you
[info] have a build process for your assets, use your build's output directory.
[info] 
